;  LST file generated by mikroListExporter - v.2.0 
; Date/Time: 31/07/2023 05:22:09 ã
;----------------------------------------------

;Address Opcode 	ASM
0x0000	0x28BE      	GOTO       190
_interrupt:
0x0004	0x00FF      	MOVWF      R15
0x0005	0x0E03      	SWAPF      STATUS, 0
0x0006	0x0183      	CLRF       STATUS
0x0007	0x00B3      	MOVWF      ___saveSTATUS
0x0008	0x080A      	MOVF       PCLATH, 0
0x0009	0x00B4      	MOVWF      ___savePCLATH
0x000A	0x018A      	CLRF       PCLATH
;EmpededProject.c,3 :: 		void interrupt(){
;EmpededProject.c,4 :: 		if(intf_bit==1)
0x000B	0x1C8B      	BTFSS      INTF_bit, BitPos(INTF_bit+0)
0x000C	0x280F      	GOTO       L_interrupt0
;EmpededProject.c,6 :: 		intf_bit=0;
0x000D	0x108B      	BCF        INTF_bit, BitPos(INTF_bit+0)
;EmpededProject.c,7 :: 		manual++;
0x000E	0x0AA0      	INCF       _manual, 1
;EmpededProject.c,8 :: 		}
L_interrupt0:
;EmpededProject.c,9 :: 		}
L_end_interrupt:
L__interrupt55:
0x000F	0x0834      	MOVF       ___savePCLATH, 0
0x0010	0x008A      	MOVWF      PCLATH
0x0011	0x0E33      	SWAPF      ___saveSTATUS, 0
0x0012	0x0083      	MOVWF      STATUS
0x0013	0x0EFF      	SWAPF      R15, 1
0x0014	0x0E7F      	SWAPF      R15, 0
0x0015	0x0009      	RETFIE
; end of _interrupt
_Div_16x16_S_L:
;__Lib_Math.c,420 :: 		
;__Lib_Math.c,426 :: 		
0x0016	0x0D71      	RLF        R1, 0
;__Lib_Math.c,427 :: 		
0x0017	0x0DF8      	RLF        R8, 1
;__Lib_Math.c,428 :: 		
0x0018	0x0DF9      	RLF        R9, 1
;__Lib_Math.c,429 :: 		
0x0019	0x0874      	MOVF       R4, 0
;__Lib_Math.c,430 :: 		
0x001A	0x02F8      	SUBWF      R8, 1
;__Lib_Math.c,431 :: 		
0x001B	0x0875      	MOVF       R5, 0
;__Lib_Math.c,432 :: 		
0x001C	0x1C03      	BTFSS      STATUS, 0
;__Lib_Math.c,433 :: 		
0x001D	0x0F75      	INCFSZ     R5, 0
;__Lib_Math.c,434 :: 		
0x001E	0x02F9      	SUBWF      R9, 1
;__Lib_Math.c,435 :: 		
0x001F	0x0DF0      	RLF        R0, 1
;__Lib_Math.c,436 :: 		
0x0020	0x0DF1      	RLF        R1, 1
;__Lib_Math.c,438 :: 		
0x0021	0x300F      	MOVLW      15
;__Lib_Math.c,439 :: 		
0x0022	0x00FC      	MOVWF      R12
;__Lib_Math.c,441 :: 		
0x0023	0x0D71      	RLF        R1, 0
;__Lib_Math.c,442 :: 		
0x0024	0x0DF8      	RLF        R8, 1
;__Lib_Math.c,443 :: 		
0x0025	0x0DF9      	RLF        R9, 1
;__Lib_Math.c,444 :: 		
0x0026	0x0874      	MOVF       R4, 0
;__Lib_Math.c,446 :: 		
0x0027	0x1C70      	BTFSS      R0, 0
;__Lib_Math.c,447 :: 		
0x0028	0x282F      	GOTO       $+7
;__Lib_Math.c,448 :: 		
0x0029	0x02F8      	SUBWF      R8, 1
;__Lib_Math.c,449 :: 		
0x002A	0x0875      	MOVF       R5, 0
;__Lib_Math.c,450 :: 		
0x002B	0x1C03      	BTFSS      STATUS, 0
;__Lib_Math.c,451 :: 		
0x002C	0x0F75      	INCFSZ     R5, 0
;__Lib_Math.c,452 :: 		
0x002D	0x02F9      	SUBWF      R9, 1
;__Lib_Math.c,453 :: 		
0x002E	0x2834      	GOTO       $+6
;__Lib_Math.c,455 :: 		
0x002F	0x07F8      	ADDWF      R8, 1
;__Lib_Math.c,456 :: 		
0x0030	0x0875      	MOVF       R5, 0
;__Lib_Math.c,457 :: 		
0x0031	0x1803      	BTFSC      STATUS, 0
;__Lib_Math.c,458 :: 		
0x0032	0x0F75      	INCFSZ     R5, 0
;__Lib_Math.c,459 :: 		
0x0033	0x07F9      	ADDWF      R9, 1
;__Lib_Math.c,461 :: 		
0x0034	0x0DF0      	RLF        R0, 1
;__Lib_Math.c,462 :: 		
0x0035	0x0DF1      	RLF        R1, 1
;__Lib_Math.c,464 :: 		
0x0036	0x0BFC      	DECFSZ     R12, 1
;__Lib_Math.c,465 :: 		
0x0037	0x2823      	GOTO       $-20
;__Lib_Math.c,467 :: 		
0x0038	0x1870      	BTFSC      R0, 0
;__Lib_Math.c,468 :: 		
0x0039	0x2840      	GOTO       $+7
;__Lib_Math.c,469 :: 		
0x003A	0x0874      	MOVF       R4, 0
;__Lib_Math.c,470 :: 		
0x003B	0x07F8      	ADDWF      R8, 1
;__Lib_Math.c,471 :: 		
0x003C	0x0875      	MOVF       R5, 0
;__Lib_Math.c,472 :: 		
0x003D	0x1803      	BTFSC      STATUS, 0
;__Lib_Math.c,473 :: 		
0x003E	0x0F75      	INCFSZ     R5, 0
;__Lib_Math.c,474 :: 		
0x003F	0x07F9      	ADDWF      R9, 1
;__Lib_Math.c,475 :: 		
0x0040	0x0000      	NOP
;__Lib_Math.c,477 :: 		
L_end_Div_16x16_S_L:
0x0041	0x0008      	RETURN
; end of _Div_16x16_S_L
_____DoICP:
;__Lib_System.c,6 :: 		
;__Lib_System.c,9 :: 		
0x0042	0x1283      	BCF        STATUS, 5
0x0043	0x1303      	BCF        STATUS, 6
0x0044	0x082A      	MOVF       ___DoICPAddr+1, 0
0x0045	0x008A      	MOVWF      PCLATH
;__Lib_System.c,10 :: 		
0x0046	0x0829      	MOVF       ___DoICPAddr, 0
0x0047	0x0082      	MOVWF      PCL
;__Lib_System.c,12 :: 		
L_end_____DoICP:
0x0048	0x0008      	RETURN
; end of _____DoICP
___CC2DW:
;__Lib_System.c,134 :: 		
;__Lib_System.c,137 :: 		
_CC2D_Loop1:
;__Lib_System.c,139 :: 		
0x0049	0x2042      	CALL       _____DoICP
0x004A	0x118A      	BCF        PCLATH, 3
0x004B	0x120A      	BCF        PCLATH, 4
;__Lib_System.c,141 :: 		
0x004C	0x0080      	MOVWF      INDF
;__Lib_System.c,142 :: 		
0x004D	0x0A84      	INCF       FSR, 1
;__Lib_System.c,143 :: 		
0x004E	0x0AA9      	INCF       ___DoICPAddr, 1
;__Lib_System.c,145 :: 		
0x004F	0x1903      	BTFSC      STATUS, 2
;__Lib_System.c,146 :: 		
0x0050	0x0AAA      	INCF       ___DoICPAddr+1, 1
;__Lib_System.c,147 :: 		
0x0051	0x03F0      	DECF       R0, 1
;__Lib_System.c,149 :: 		
0x0052	0x1D03      	BTFSS      STATUS, 2
;__Lib_System.c,150 :: 		
0x0053	0x2849      	GOTO       _CC2D_Loop1
;__Lib_System.c,152 :: 		
L_end___CC2DW:
0x0054	0x0008      	RETURN
; end of ___CC2DW
_Div_16x16_S:
;__Lib_Math.c,479 :: 		
;__Lib_Math.c,487 :: 		
0x0055	0x1283      	BCF        STATUS, 5
0x0056	0x1303      	BCF        STATUS, 6
0x0057	0x0874      	MOVF       R4, 0
0x0058	0x3A00      	XORLW      0
0x0059	0x1D03      	BTFSS      STATUS, 2
0x005A	0x2864      	GOTO       L_Div_16x16_S0
;__Lib_Math.c,488 :: 		
0x005B	0x0875      	MOVF       R5, 0
0x005C	0x3A00      	XORLW      0
0x005D	0x1D03      	BTFSS      STATUS, 2
0x005E	0x2864      	GOTO       L_Div_16x16_S1
;__Lib_Math.c,489 :: 		
0x005F	0x30FF      	MOVLW      255
0x0060	0x00F0      	MOVWF      R0
;__Lib_Math.c,490 :: 		
0x0061	0x307F      	MOVLW      127
0x0062	0x00F1      	MOVWF      R1
;__Lib_Math.c,491 :: 		
0x0063	0x28BD      	GOTO       L_end_Div_16x16_S
;__Lib_Math.c,492 :: 		
L_Div_16x16_S1:
L_Div_16x16_S0:
;__Lib_Math.c,495 :: 		
0x0064	0x1283      	BCF        STATUS, 5
;__Lib_Math.c,496 :: 		
0x0065	0x1303      	BCF        STATUS, 6
;__Lib_Math.c,497 :: 		
0x0066	0x01FD      	CLRF       R13
;__Lib_Math.c,498 :: 		
0x0067	0x01F9      	CLRF       R9
;__Lib_Math.c,499 :: 		
0x0068	0x01F8      	CLRF       R8
;__Lib_Math.c,500 :: 		
0x0069	0x0871      	MOVF       R1, 0
;__Lib_Math.c,501 :: 		
0x006A	0x0470      	IORWF      R0, 0
;__Lib_Math.c,502 :: 		
0x006B	0x1903      	BTFSC      STATUS, 2
;__Lib_Math.c,503 :: 		
0x006C	0x3400      	RETLW      0
;__Lib_Math.c,505 :: 		
0x006D	0x0871      	MOVF       R1, 0
;__Lib_Math.c,506 :: 		
0x006E	0x0675      	XORWF      R5, 0
;__Lib_Math.c,507 :: 		
0x006F	0x00FA      	MOVWF      R10
;__Lib_Math.c,508 :: 		
0x0070	0x1BFA      	BTFSC      R10, 7
;__Lib_Math.c,509 :: 		
0x0071	0x09FD      	COMF       R13, 1
;__Lib_Math.c,511 :: 		
0x0072	0x01FB      	CLRF       R11
;__Lib_Math.c,513 :: 		
0x0073	0x1FF5      	BTFSS      R5, 7
;__Lib_Math.c,514 :: 		
0x0074	0x287A      	GOTO       $+6
;__Lib_Math.c,516 :: 		
0x0075	0x09F4      	COMF       R4, 1
;__Lib_Math.c,517 :: 		
0x0076	0x09F5      	COMF       R5, 1
;__Lib_Math.c,518 :: 		
0x0077	0x0AF4      	INCF       R4, 1
;__Lib_Math.c,519 :: 		
0x0078	0x1903      	BTFSC      STATUS, 2
;__Lib_Math.c,520 :: 		
0x0079	0x0AF5      	INCF       R5, 1
;__Lib_Math.c,522 :: 		
0x007A	0x1FF1      	BTFSS      R1, 7
;__Lib_Math.c,523 :: 		
0x007B	0x2881      	GOTO       $+6
;__Lib_Math.c,525 :: 		
0x007C	0x09F0      	COMF       R0, 1
;__Lib_Math.c,526 :: 		
0x007D	0x09F1      	COMF       R1, 1
;__Lib_Math.c,527 :: 		
0x007E	0x0AF0      	INCF       R0, 1
;__Lib_Math.c,528 :: 		
0x007F	0x1903      	BTFSC      STATUS, 2
;__Lib_Math.c,529 :: 		
0x0080	0x0AF1      	INCF       R1, 1
;__Lib_Math.c,531 :: 		
0x0081	0x0871      	MOVF       R1, 0
;__Lib_Math.c,532 :: 		
0x0082	0x0475      	IORWF      R5, 0
;__Lib_Math.c,533 :: 		
0x0083	0x00FA      	MOVWF      R10
;__Lib_Math.c,534 :: 		
0x0084	0x1BFA      	BTFSC      R10, 7
;__Lib_Math.c,535 :: 		
0x0085	0x2896      	GOTO       $+17
;__Lib_Math.c,537 :: 		
0x0086	0x2016      	CALL       _Div_16x16_S_L
;__Lib_Math.c,539 :: 		
0x0087	0x187B      	BTFSC      R11, 0
;__Lib_Math.c,540 :: 		
0x0088	0x28A9      	GOTO       $+33
;__Lib_Math.c,542 :: 		
0x0089	0x1FFD      	BTFSS      R13, 7
;__Lib_Math.c,543 :: 		
0x008A	0x3400      	RETLW      0
;__Lib_Math.c,545 :: 		
0x008B	0x09F0      	COMF       R0, 1
;__Lib_Math.c,546 :: 		
0x008C	0x09F1      	COMF       R1, 1
;__Lib_Math.c,547 :: 		
0x008D	0x0AF0      	INCF       R0, 1
;__Lib_Math.c,548 :: 		
0x008E	0x1903      	BTFSC      STATUS, 2
;__Lib_Math.c,549 :: 		
0x008F	0x0AF1      	INCF       R1, 1
;__Lib_Math.c,551 :: 		
0x0090	0x09F8      	COMF       R8, 1
;__Lib_Math.c,552 :: 		
0x0091	0x09F9      	COMF       R9, 1
;__Lib_Math.c,553 :: 		
0x0092	0x0AF8      	INCF       R8, 1
;__Lib_Math.c,554 :: 		
0x0093	0x1903      	BTFSC      STATUS, 2
;__Lib_Math.c,555 :: 		
0x0094	0x0AF9      	INCF       R9, 1
;__Lib_Math.c,557 :: 		
0x0095	0x3400      	RETLW      0
;__Lib_Math.c,559 :: 		
0x0096	0x1FF5      	BTFSS      R5, 7
;__Lib_Math.c,560 :: 		
0x0097	0x28A5      	GOTO       $+14
;__Lib_Math.c,561 :: 		
0x0098	0x1BF1      	BTFSC      R1, 7
;__Lib_Math.c,562 :: 		
0x0099	0x28A1      	GOTO       $+8
;__Lib_Math.c,563 :: 		
0x009A	0x0871      	MOVF       R1, 0
;__Lib_Math.c,564 :: 		
0x009B	0x00F9      	MOVWF      R9
;__Lib_Math.c,565 :: 		
0x009C	0x0870      	MOVF       R0, 0
;__Lib_Math.c,566 :: 		
0x009D	0x00F8      	MOVWF      R8
;__Lib_Math.c,567 :: 		
0x009E	0x01F1      	CLRF       R1
;__Lib_Math.c,568 :: 		
0x009F	0x01F0      	CLRF       R0
;__Lib_Math.c,569 :: 		
0x00A0	0x2889      	GOTO       $-23
;__Lib_Math.c,570 :: 		
0x00A1	0x01F1      	CLRF       R1
;__Lib_Math.c,571 :: 		
0x00A2	0x01F0      	CLRF       R0
;__Lib_Math.c,572 :: 		
0x00A3	0x0AF0      	INCF       R0, 1
;__Lib_Math.c,573 :: 		
0x00A4	0x3400      	RETLW      0
;__Lib_Math.c,575 :: 		
0x00A5	0x09F1      	COMF       R1, 1
;__Lib_Math.c,576 :: 		
0x00A6	0x09F0      	COMF       R0, 1
;__Lib_Math.c,577 :: 		
0x00A7	0x0AFB      	INCF       R11, 1
;__Lib_Math.c,578 :: 		
0x00A8	0x2886      	GOTO       $-34
;__Lib_Math.c,580 :: 		
0x00A9	0x0AF8      	INCF       R8, 1
;__Lib_Math.c,581 :: 		
0x00AA	0x1903      	BTFSC      STATUS, 2
;__Lib_Math.c,582 :: 		
0x00AB	0x0AF9      	INCF       R9, 1
;__Lib_Math.c,583 :: 		
0x00AC	0x0874      	MOVF       R4, 0
;__Lib_Math.c,584 :: 		
0x00AD	0x0278      	SUBWF      R8, 0
;__Lib_Math.c,585 :: 		
0x00AE	0x1D03      	BTFSS      STATUS, 2
;__Lib_Math.c,586 :: 		
0x00AF	0x2889      	GOTO       $-38
;__Lib_Math.c,587 :: 		
0x00B0	0x0875      	MOVF       R5, 0
;__Lib_Math.c,588 :: 		
0x00B1	0x0279      	SUBWF      R9, 0
;__Lib_Math.c,589 :: 		
0x00B2	0x1D03      	BTFSS      STATUS, 2
;__Lib_Math.c,590 :: 		
0x00B3	0x2889      	GOTO       $-42
;__Lib_Math.c,591 :: 		
0x00B4	0x01F9      	CLRF       R9
;__Lib_Math.c,592 :: 		
0x00B5	0x01F8      	CLRF       R8
;__Lib_Math.c,593 :: 		
0x00B6	0x0AF0      	INCF       R0, 1
;__Lib_Math.c,594 :: 		
0x00B7	0x1903      	BTFSC      STATUS, 2
;__Lib_Math.c,595 :: 		
0x00B8	0x0AF1      	INCF       R1, 1
;__Lib_Math.c,596 :: 		
0x00B9	0x1FF1      	BTFSS      R1, 7
;__Lib_Math.c,597 :: 		
0x00BA	0x2889      	GOTO       $-49
;__Lib_Math.c,598 :: 		
0x00BB	0x0000      	NOP
;__Lib_Math.c,599 :: 		
0x00BC	0x34FF      	RETLW      255
;__Lib_Math.c,601 :: 		
L_end_Div_16x16_S:
0x00BD	0x0008      	RETURN
; end of _Div_16x16_S
_main:
0x00BE	0x1283      	BCF        STATUS, 5
0x00BF	0x1303      	BCF        STATUS, 6
0x00C0	0x01A0      	CLRF       _manual
0x00C1	0x3003      	MOVLW      3
0x00C2	0x00A1      	MOVWF      _count3
0x00C3	0x01A2      	CLRF       34
0x00C4	0x300C      	MOVLW      12
0x00C5	0x00A3      	MOVWF      _count2
0x00C6	0x01A4      	CLRF       36
0x00C7	0x3017      	MOVLW      23
0x00C8	0x00A5      	MOVWF      _count1
0x00C9	0x01A6      	CLRF       38
;EmpededProject.c,11 :: 		void main(){
;EmpededProject.c,13 :: 		trisd=0;
0x00CA	0x1683      	BSF        STATUS, 5
0x00CB	0x0188      	CLRF       TRISD
;EmpededProject.c,14 :: 		portd=0;
0x00CC	0x1283      	BCF        STATUS, 5
0x00CD	0x0188      	CLRF       PORTD
;EmpededProject.c,15 :: 		trisb=0;
0x00CE	0x1683      	BSF        STATUS, 5
0x00CF	0x0186      	CLRF       TRISB
;EmpededProject.c,16 :: 		trisb.b0=1;
0x00D0	0x1406      	BSF        TRISB, 0
;EmpededProject.c,17 :: 		portb=0;
0x00D1	0x1283      	BCF        STATUS, 5
0x00D2	0x0186      	CLRF       PORTB
;EmpededProject.c,18 :: 		trisa.b4=1;
0x00D3	0x1683      	BSF        STATUS, 5
0x00D4	0x1605      	BSF        TRISA, 4
;EmpededProject.c,19 :: 		trisc.b0=0;
0x00D5	0x1007      	BCF        TRISC, 0
;EmpededProject.c,20 :: 		trisc.b1=0;
0x00D6	0x1087      	BCF        TRISC, 1
;EmpededProject.c,21 :: 		trisc.b3=1;
0x00D7	0x1587      	BSF        TRISC, 3
;EmpededProject.c,22 :: 		trisc.b4=1;
0x00D8	0x1607      	BSF        TRISC, 4
;EmpededProject.c,23 :: 		portc.b0=1;
0x00D9	0x1283      	BCF        STATUS, 5
0x00DA	0x1407      	BSF        PORTC, 0
;EmpededProject.c,24 :: 		portc.b1=1;
0x00DB	0x1487      	BSF        PORTC, 1
;EmpededProject.c,25 :: 		while(porta.b4==1);
L_main1:
0x00DC	0x1E05      	BTFSS      PORTA, 4
0x00DD	0x28DF      	GOTO       L_main2
0x00DE	0x28DC      	GOTO       L_main1
L_main2:
;EmpededProject.c,26 :: 		while(portc.B3==1&&portb.B0==1);
L_main3:
0x00DF	0x1D87      	BTFSS      PORTC, 3
0x00E0	0x28E4      	GOTO       L_main4
0x00E1	0x1C06      	BTFSS      PORTB, 0
0x00E2	0x28E4      	GOTO       L_main4
L__main53:
0x00E3	0x28DF      	GOTO       L_main3
L_main4:
;EmpededProject.c,27 :: 		if(portc.b3==0){
0x00E4	0x1987      	BTFSC      PORTC, 3
0x00E5	0x2A2F      	GOTO       L_main7
;EmpededProject.c,28 :: 		loop:
___main_loop:
;EmpededProject.c,29 :: 		for(;;)
L_main8:
;EmpededProject.c,31 :: 		if(portb.B0==0){
0x00E6	0x1806      	BTFSC      PORTB, 0
0x00E7	0x28E9      	GOTO       L_main11
;EmpededProject.c,32 :: 		break;
0x00E8	0x2A2F      	GOTO       L_main9
;EmpededProject.c,33 :: 		}
L_main11:
;EmpededProject.c,34 :: 		for(i=count1;i>=0;i--){
0x00E9	0x0825      	MOVF       _count1, 0
0x00EA	0x00AB      	MOVWF      _i
0x00EB	0x0826      	MOVF       _count1+1, 0
0x00EC	0x00AC      	MOVWF      _i+1
L_main12:
0x00ED	0x3080      	MOVLW      128
0x00EE	0x062C      	XORWF      _i+1, 0
0x00EF	0x00F0      	MOVWF      R0
0x00F0	0x3080      	MOVLW      128
0x00F1	0x0270      	SUBWF      R0, 0
0x00F2	0x1D03      	BTFSS      STATUS, 2
0x00F3	0x28F6      	GOTO       L__main57
0x00F4	0x3000      	MOVLW      0
0x00F5	0x022B      	SUBWF      _i, 0
L__main57:
0x00F6	0x1C03      	BTFSS      STATUS, 0
0x00F7	0x295F      	GOTO       L_main13
;EmpededProject.c,35 :: 		for(s=0;s<=50;s++){
0x00F8	0x01B5      	CLRF       main_s_L0
L_main15:
0x00F9	0x0835      	MOVF       main_s_L0, 0
0x00FA	0x3C32      	SUBLW      50
0x00FB	0x1C03      	BTFSS      STATUS, 0
0x00FC	0x295A      	GOTO       L_main16
;EmpededProject.c,36 :: 		if(portb.B0==0){
0x00FD	0x1806      	BTFSC      PORTB, 0
0x00FE	0x2902      	GOTO       L_main18
;EmpededProject.c,37 :: 		portc.b0=1;
0x00FF	0x1407      	BSF        PORTC, 0
;EmpededProject.c,38 :: 		portc.b1=1;
0x0100	0x1487      	BSF        PORTC, 1
;EmpededProject.c,39 :: 		break;
0x0101	0x295A      	GOTO       L_main16
;EmpededProject.c,40 :: 		}
L_main18:
;EmpededProject.c,41 :: 		portd.b0=1 ;
0x0102	0x1408      	BSF        PORTD, 0
;EmpededProject.c,42 :: 		portd.b1=0;
0x0103	0x1088      	BCF        PORTD, 1
;EmpededProject.c,43 :: 		portd.B2=0;
0x0104	0x1108      	BCF        PORTD, 2
;EmpededProject.c,44 :: 		portc.b0=0;
0x0105	0x1007      	BCF        PORTC, 0
;EmpededProject.c,45 :: 		portc.B1=1;
0x0106	0x1487      	BSF        PORTC, 1
;EmpededProject.c,46 :: 		portd.b5=1;
0x0107	0x1688      	BSF        PORTD, 5
;EmpededProject.c,47 :: 		portd.B3=0;
0x0108	0x1188      	BCF        PORTD, 3
;EmpededProject.c,48 :: 		if(i<=3){
0x0109	0x3080      	MOVLW      128
0x010A	0x00F0      	MOVWF      R0
0x010B	0x3080      	MOVLW      128
0x010C	0x062C      	XORWF      _i+1, 0
0x010D	0x0270      	SUBWF      R0, 0
0x010E	0x1D03      	BTFSS      STATUS, 2
0x010F	0x2912      	GOTO       L__main58
0x0110	0x082B      	MOVF       _i, 0
0x0111	0x3C03      	SUBLW      3
L__main58:
0x0112	0x1C03      	BTFSS      STATUS, 0
0x0113	0x2916      	GOTO       L_main19
;EmpededProject.c,49 :: 		portd.b5=0;
0x0114	0x1288      	BCF        PORTD, 5
;EmpededProject.c,50 :: 		portd.B4=1;}
0x0115	0x1608      	BSF        PORTD, 4
L_main19:
;EmpededProject.c,51 :: 		right=i%10;
0x0116	0x300A      	MOVLW      10
0x0117	0x00F4      	MOVWF      R4
0x0118	0x3000      	MOVLW      0
0x0119	0x00F5      	MOVWF      R4+1
0x011A	0x082B      	MOVF       _i, 0
0x011B	0x00F0      	MOVWF      R0
0x011C	0x082C      	MOVF       _i+1, 0
0x011D	0x00F1      	MOVWF      R0+1
0x011E	0x2055      	CALL       _Div_16x16_S
0x011F	0x0878      	MOVF       R8, 0
0x0120	0x00F0      	MOVWF      R0
0x0121	0x0879      	MOVF       R8+1, 0
0x0122	0x00F1      	MOVWF      R0+1
0x0123	0x0870      	MOVF       R0, 0
0x0124	0x00B6      	MOVWF      FLOC__main
0x0125	0x0871      	MOVF       R0+1, 0
0x0126	0x00B7      	MOVWF      FLOC__main+1
0x0127	0x0836      	MOVF       FLOC__main, 0
0x0128	0x00AF      	MOVWF      _right
0x0129	0x0837      	MOVF       FLOC__main+1, 0
0x012A	0x00B0      	MOVWF      _right+1
;EmpededProject.c,52 :: 		left=i/10;
0x012B	0x300A      	MOVLW      10
0x012C	0x00F4      	MOVWF      R4
0x012D	0x3000      	MOVLW      0
0x012E	0x00F5      	MOVWF      R4+1
0x012F	0x082B      	MOVF       _i, 0
0x0130	0x00F0      	MOVWF      R0
0x0131	0x082C      	MOVF       _i+1, 0
0x0132	0x00F1      	MOVWF      R0+1
0x0133	0x2055      	CALL       _Div_16x16_S
0x0134	0x0870      	MOVF       R0, 0
0x0135	0x00B1      	MOVWF      _left
0x0136	0x0871      	MOVF       R0+1, 0
0x0137	0x00B2      	MOVWF      _left+1
;EmpededProject.c,53 :: 		portb=right<<1;
0x0138	0x0836      	MOVF       FLOC__main, 0
0x0139	0x00F0      	MOVWF      R0
0x013A	0x0DF0      	RLF        R0, 1
0x013B	0x1070      	BCF        R0, 0
0x013C	0x0870      	MOVF       R0, 0
0x013D	0x0086      	MOVWF      PORTB
;EmpededProject.c,54 :: 		delay_ms(10);
0x013E	0x301A      	MOVLW      26
0x013F	0x00FC      	MOVWF      R12
0x0140	0x30F8      	MOVLW      248
0x0141	0x00FD      	MOVWF      R13
L_main20:
0x0142	0x0BFD      	DECFSZ     R13, 1
0x0143	0x2942      	GOTO       L_main20
0x0144	0x0BFC      	DECFSZ     R12, 1
0x0145	0x2942      	GOTO       L_main20
0x0146	0x0000      	NOP
;EmpededProject.c,55 :: 		portc.b0=1;
0x0147	0x1407      	BSF        PORTC, 0
;EmpededProject.c,56 :: 		portc.B1=0;
0x0148	0x1087      	BCF        PORTC, 1
;EmpededProject.c,57 :: 		portb=left<<1;
0x0149	0x0831      	MOVF       _left, 0
0x014A	0x00F0      	MOVWF      R0
0x014B	0x0DF0      	RLF        R0, 1
0x014C	0x1070      	BCF        R0, 0
0x014D	0x0870      	MOVF       R0, 0
0x014E	0x0086      	MOVWF      PORTB
;EmpededProject.c,58 :: 		delay_ms(10);
0x014F	0x301A      	MOVLW      26
0x0150	0x00FC      	MOVWF      R12
0x0151	0x30F8      	MOVLW      248
0x0152	0x00FD      	MOVWF      R13
L_main21:
0x0153	0x0BFD      	DECFSZ     R13, 1
0x0154	0x2953      	GOTO       L_main21
0x0155	0x0BFC      	DECFSZ     R12, 1
0x0156	0x2953      	GOTO       L_main21
0x0157	0x0000      	NOP
;EmpededProject.c,35 :: 		for(s=0;s<=50;s++){
0x0158	0x0AB5      	INCF       main_s_L0, 1
;EmpededProject.c,59 :: 		}
0x0159	0x28F9      	GOTO       L_main15
L_main16:
;EmpededProject.c,34 :: 		for(i=count1;i>=0;i--){
0x015A	0x3001      	MOVLW      1
0x015B	0x02AB      	SUBWF      _i, 1
0x015C	0x1C03      	BTFSS      STATUS, 0
0x015D	0x03AC      	DECF       _i+1, 1
;EmpededProject.c,60 :: 		}
0x015E	0x28ED      	GOTO       L_main12
L_main13:
;EmpededProject.c,61 :: 		for(j=count2;j>=0;j--){
0x015F	0x0823      	MOVF       _count2, 0
0x0160	0x00AD      	MOVWF      _j
0x0161	0x0824      	MOVF       _count2+1, 0
0x0162	0x00AE      	MOVWF      _j+1
L_main22:
0x0163	0x3080      	MOVLW      128
0x0164	0x062E      	XORWF      _j+1, 0
0x0165	0x00F0      	MOVWF      R0
0x0166	0x3080      	MOVLW      128
0x0167	0x0270      	SUBWF      R0, 0
0x0168	0x1D03      	BTFSS      STATUS, 2
0x0169	0x296C      	GOTO       L__main59
0x016A	0x3000      	MOVLW      0
0x016B	0x022D      	SUBWF      _j, 0
L__main59:
0x016C	0x1C03      	BTFSS      STATUS, 0
0x016D	0x29C7      	GOTO       L_main23
;EmpededProject.c,62 :: 		for(s=0;s<=50;s++){
0x016E	0x01B5      	CLRF       main_s_L0
L_main25:
0x016F	0x0835      	MOVF       main_s_L0, 0
0x0170	0x3C32      	SUBLW      50
0x0171	0x1C03      	BTFSS      STATUS, 0
0x0172	0x29C2      	GOTO       L_main26
;EmpededProject.c,63 :: 		if(portb.B0==0){
0x0173	0x1806      	BTFSC      PORTB, 0
0x0174	0x2978      	GOTO       L_main28
;EmpededProject.c,64 :: 		portc.b0=1;
0x0175	0x1407      	BSF        PORTC, 0
;EmpededProject.c,65 :: 		portc.b1=1;
0x0176	0x1487      	BSF        PORTC, 1
;EmpededProject.c,66 :: 		break;
0x0177	0x29C2      	GOTO       L_main26
;EmpededProject.c,67 :: 		}
L_main28:
;EmpededProject.c,68 :: 		portd.b0=0;
0x0178	0x1008      	BCF        PORTD, 0
;EmpededProject.c,69 :: 		portd.b4=0;
0x0179	0x1208      	BCF        PORTD, 4
;EmpededProject.c,70 :: 		portc.b0=0;
0x017A	0x1007      	BCF        PORTC, 0
;EmpededProject.c,71 :: 		portc.b1=1;
0x017B	0x1487      	BSF        PORTC, 1
;EmpededProject.c,72 :: 		portd.B2=1;
0x017C	0x1508      	BSF        PORTD, 2
;EmpededProject.c,73 :: 		portd.b3=1;
0x017D	0x1588      	BSF        PORTD, 3
;EmpededProject.c,74 :: 		right=j%10;
0x017E	0x300A      	MOVLW      10
0x017F	0x00F4      	MOVWF      R4
0x0180	0x3000      	MOVLW      0
0x0181	0x00F5      	MOVWF      R4+1
0x0182	0x082D      	MOVF       _j, 0
0x0183	0x00F0      	MOVWF      R0
0x0184	0x082E      	MOVF       _j+1, 0
0x0185	0x00F1      	MOVWF      R0+1
0x0186	0x2055      	CALL       _Div_16x16_S
0x0187	0x0878      	MOVF       R8, 0
0x0188	0x00F0      	MOVWF      R0
0x0189	0x0879      	MOVF       R8+1, 0
0x018A	0x00F1      	MOVWF      R0+1
0x018B	0x0870      	MOVF       R0, 0
0x018C	0x00B6      	MOVWF      FLOC__main
0x018D	0x0871      	MOVF       R0+1, 0
0x018E	0x00B7      	MOVWF      FLOC__main+1
0x018F	0x0836      	MOVF       FLOC__main, 0
0x0190	0x00AF      	MOVWF      _right
0x0191	0x0837      	MOVF       FLOC__main+1, 0
0x0192	0x00B0      	MOVWF      _right+1
;EmpededProject.c,75 :: 		left=j/10;
0x0193	0x300A      	MOVLW      10
0x0194	0x00F4      	MOVWF      R4
0x0195	0x3000      	MOVLW      0
0x0196	0x00F5      	MOVWF      R4+1
0x0197	0x082D      	MOVF       _j, 0
0x0198	0x00F0      	MOVWF      R0
0x0199	0x082E      	MOVF       _j+1, 0
0x019A	0x00F1      	MOVWF      R0+1
0x019B	0x2055      	CALL       _Div_16x16_S
0x019C	0x0870      	MOVF       R0, 0
0x019D	0x00B1      	MOVWF      _left
0x019E	0x0871      	MOVF       R0+1, 0
0x019F	0x00B2      	MOVWF      _left+1
;EmpededProject.c,76 :: 		portb=right<<1;
0x01A0	0x0836      	MOVF       FLOC__main, 0
0x01A1	0x00F0      	MOVWF      R0
0x01A2	0x0DF0      	RLF        R0, 1
0x01A3	0x1070      	BCF        R0, 0
0x01A4	0x0870      	MOVF       R0, 0
0x01A5	0x0086      	MOVWF      PORTB
;EmpededProject.c,77 :: 		delay_ms(10);
0x01A6	0x301A      	MOVLW      26
0x01A7	0x00FC      	MOVWF      R12
0x01A8	0x30F8      	MOVLW      248
0x01A9	0x00FD      	MOVWF      R13
L_main29:
0x01AA	0x0BFD      	DECFSZ     R13, 1
0x01AB	0x29AA      	GOTO       L_main29
0x01AC	0x0BFC      	DECFSZ     R12, 1
0x01AD	0x29AA      	GOTO       L_main29
0x01AE	0x0000      	NOP
;EmpededProject.c,78 :: 		portc.b0=1;
0x01AF	0x1407      	BSF        PORTC, 0
;EmpededProject.c,79 :: 		portc.B1=0;
0x01B0	0x1087      	BCF        PORTC, 1
;EmpededProject.c,80 :: 		portb=left<<1;
0x01B1	0x0831      	MOVF       _left, 0
0x01B2	0x00F0      	MOVWF      R0
0x01B3	0x0DF0      	RLF        R0, 1
0x01B4	0x1070      	BCF        R0, 0
0x01B5	0x0870      	MOVF       R0, 0
0x01B6	0x0086      	MOVWF      PORTB
;EmpededProject.c,81 :: 		delay_ms(10);
0x01B7	0x301A      	MOVLW      26
0x01B8	0x00FC      	MOVWF      R12
0x01B9	0x30F8      	MOVLW      248
0x01BA	0x00FD      	MOVWF      R13
L_main30:
0x01BB	0x0BFD      	DECFSZ     R13, 1
0x01BC	0x29BB      	GOTO       L_main30
0x01BD	0x0BFC      	DECFSZ     R12, 1
0x01BE	0x29BB      	GOTO       L_main30
0x01BF	0x0000      	NOP
;EmpededProject.c,62 :: 		for(s=0;s<=50;s++){
0x01C0	0x0AB5      	INCF       main_s_L0, 1
;EmpededProject.c,82 :: 		}
0x01C1	0x296F      	GOTO       L_main25
L_main26:
;EmpededProject.c,61 :: 		for(j=count2;j>=0;j--){
0x01C2	0x3001      	MOVLW      1
0x01C3	0x02AD      	SUBWF      _j, 1
0x01C4	0x1C03      	BTFSS      STATUS, 0
0x01C5	0x03AE      	DECF       _j+1, 1
;EmpededProject.c,83 :: 		}
0x01C6	0x2963      	GOTO       L_main22
L_main23:
;EmpededProject.c,84 :: 		for(k=count3;k>=0;k--)
0x01C7	0x0821      	MOVF       _count3, 0
0x01C8	0x00A7      	MOVWF      _k
0x01C9	0x0822      	MOVF       _count3+1, 0
0x01CA	0x00A8      	MOVWF      _k+1
L_main31:
0x01CB	0x3080      	MOVLW      128
0x01CC	0x0628      	XORWF      _k+1, 0
0x01CD	0x00F0      	MOVWF      R0
0x01CE	0x3080      	MOVLW      128
0x01CF	0x0270      	SUBWF      R0, 0
0x01D0	0x1D03      	BTFSS      STATUS, 2
0x01D1	0x29D4      	GOTO       L__main60
0x01D2	0x3000      	MOVLW      0
0x01D3	0x0227      	SUBWF      _k, 0
L__main60:
0x01D4	0x1C03      	BTFSS      STATUS, 0
0x01D5	0x2A2E      	GOTO       L_main32
;EmpededProject.c,86 :: 		for(s=0;s<=50;s++){
0x01D6	0x01B5      	CLRF       main_s_L0
L_main34:
0x01D7	0x0835      	MOVF       main_s_L0, 0
0x01D8	0x3C32      	SUBLW      50
0x01D9	0x1C03      	BTFSS      STATUS, 0
0x01DA	0x2A29      	GOTO       L_main35
;EmpededProject.c,87 :: 		if(portb.B0==0){
0x01DB	0x1806      	BTFSC      PORTB, 0
0x01DC	0x29E0      	GOTO       L_main37
;EmpededProject.c,88 :: 		portc.b0=1;
0x01DD	0x1407      	BSF        PORTC, 0
;EmpededProject.c,89 :: 		portc.b1=1;
0x01DE	0x1487      	BSF        PORTC, 1
;EmpededProject.c,90 :: 		break;
0x01DF	0x2A29      	GOTO       L_main35
;EmpededProject.c,91 :: 		}
L_main37:
;EmpededProject.c,92 :: 		portd.b1=1;
0x01E0	0x1488      	BSF        PORTD, 1
;EmpededProject.c,93 :: 		portd.b2=0;
0x01E1	0x1108      	BCF        PORTD, 2
;EmpededProject.c,94 :: 		portc.b0=0;
0x01E2	0x1007      	BCF        PORTC, 0
;EmpededProject.c,95 :: 		portc.B1=1;
0x01E3	0x1487      	BSF        PORTC, 1
;EmpededProject.c,96 :: 		portd.b3=1;
0x01E4	0x1588      	BSF        PORTD, 3
;EmpededProject.c,97 :: 		right=k%10;
0x01E5	0x300A      	MOVLW      10
0x01E6	0x00F4      	MOVWF      R4
0x01E7	0x3000      	MOVLW      0
0x01E8	0x00F5      	MOVWF      R4+1
0x01E9	0x0827      	MOVF       _k, 0
0x01EA	0x00F0      	MOVWF      R0
0x01EB	0x0828      	MOVF       _k+1, 0
0x01EC	0x00F1      	MOVWF      R0+1
0x01ED	0x2055      	CALL       _Div_16x16_S
0x01EE	0x0878      	MOVF       R8, 0
0x01EF	0x00F0      	MOVWF      R0
0x01F0	0x0879      	MOVF       R8+1, 0
0x01F1	0x00F1      	MOVWF      R0+1
0x01F2	0x0870      	MOVF       R0, 0
0x01F3	0x00B6      	MOVWF      FLOC__main
0x01F4	0x0871      	MOVF       R0+1, 0
0x01F5	0x00B7      	MOVWF      FLOC__main+1
0x01F6	0x0836      	MOVF       FLOC__main, 0
0x01F7	0x00AF      	MOVWF      _right
0x01F8	0x0837      	MOVF       FLOC__main+1, 0
0x01F9	0x00B0      	MOVWF      _right+1
;EmpededProject.c,98 :: 		left=k/10;
0x01FA	0x300A      	MOVLW      10
0x01FB	0x00F4      	MOVWF      R4
0x01FC	0x3000      	MOVLW      0
0x01FD	0x00F5      	MOVWF      R4+1
0x01FE	0x0827      	MOVF       _k, 0
0x01FF	0x00F0      	MOVWF      R0
0x0200	0x0828      	MOVF       _k+1, 0
0x0201	0x00F1      	MOVWF      R0+1
0x0202	0x2055      	CALL       _Div_16x16_S
0x0203	0x0870      	MOVF       R0, 0
0x0204	0x00B1      	MOVWF      _left
0x0205	0x0871      	MOVF       R0+1, 0
0x0206	0x00B2      	MOVWF      _left+1
;EmpededProject.c,99 :: 		portb=right<<1;
0x0207	0x0836      	MOVF       FLOC__main, 0
0x0208	0x00F0      	MOVWF      R0
0x0209	0x0DF0      	RLF        R0, 1
0x020A	0x1070      	BCF        R0, 0
0x020B	0x0870      	MOVF       R0, 0
0x020C	0x0086      	MOVWF      PORTB
;EmpededProject.c,100 :: 		delay_ms(10);
0x020D	0x301A      	MOVLW      26
0x020E	0x00FC      	MOVWF      R12
0x020F	0x30F8      	MOVLW      248
0x0210	0x00FD      	MOVWF      R13
L_main38:
0x0211	0x0BFD      	DECFSZ     R13, 1
0x0212	0x2A11      	GOTO       L_main38
0x0213	0x0BFC      	DECFSZ     R12, 1
0x0214	0x2A11      	GOTO       L_main38
0x0215	0x0000      	NOP
;EmpededProject.c,101 :: 		portc.b0=1;
0x0216	0x1407      	BSF        PORTC, 0
;EmpededProject.c,102 :: 		portc.B1=0;
0x0217	0x1087      	BCF        PORTC, 1
;EmpededProject.c,103 :: 		portb=left<<1;
0x0218	0x0831      	MOVF       _left, 0
0x0219	0x00F0      	MOVWF      R0
0x021A	0x0DF0      	RLF        R0, 1
0x021B	0x1070      	BCF        R0, 0
0x021C	0x0870      	MOVF       R0, 0
0x021D	0x0086      	MOVWF      PORTB
;EmpededProject.c,104 :: 		delay_ms(10);
0x021E	0x301A      	MOVLW      26
0x021F	0x00FC      	MOVWF      R12
0x0220	0x30F8      	MOVLW      248
0x0221	0x00FD      	MOVWF      R13
L_main39:
0x0222	0x0BFD      	DECFSZ     R13, 1
0x0223	0x2A22      	GOTO       L_main39
0x0224	0x0BFC      	DECFSZ     R12, 1
0x0225	0x2A22      	GOTO       L_main39
0x0226	0x0000      	NOP
;EmpededProject.c,86 :: 		for(s=0;s<=50;s++){
0x0227	0x0AB5      	INCF       main_s_L0, 1
;EmpededProject.c,105 :: 		}
0x0228	0x29D7      	GOTO       L_main34
L_main35:
;EmpededProject.c,84 :: 		for(k=count3;k>=0;k--)
0x0229	0x3001      	MOVLW      1
0x022A	0x02A7      	SUBWF      _k, 1
0x022B	0x1C03      	BTFSS      STATUS, 0
0x022C	0x03A8      	DECF       _k+1, 1
;EmpededProject.c,106 :: 		}
0x022D	0x29CB      	GOTO       L_main31
L_main32:
;EmpededProject.c,107 :: 		}
0x022E	0x28E6      	GOTO       L_main8
L_main9:
;EmpededProject.c,108 :: 		}
L_main7:
;EmpededProject.c,110 :: 		gie_bit=1;
0x022F	0x178B      	BSF        GIE_bit, BitPos(GIE_bit+0)
;EmpededProject.c,111 :: 		inte_bit=1;
0x0230	0x160B      	BSF        INTE_bit, BitPos(INTE_bit+0)
;EmpededProject.c,112 :: 		intedg_bit=1;//1 for rising edge and 0 for falling edge
0x0231	0x1683      	BSF        STATUS, 5
0x0232	0x1701      	BSF        INTEDG_bit, BitPos(INTEDG_bit+0)
;EmpededProject.c,114 :: 		while(1)
L_main40:
;EmpededProject.c,116 :: 		if(manual==1){
0x0233	0x1283      	BCF        STATUS, 5
0x0234	0x0820      	MOVF       _manual, 0
0x0235	0x3A01      	XORLW      1
0x0236	0x1D03      	BTFSS      STATUS, 2
0x0237	0x2A40      	GOTO       L_main42
;EmpededProject.c,117 :: 		if(portc.b3==0)
0x0238	0x1987      	BTFSC      PORTC, 3
0x0239	0x2A3B      	GOTO       L_main43
;EmpededProject.c,118 :: 		goto loop;
0x023A	0x28E6      	GOTO       ___main_loop
L_main43:
;EmpededProject.c,119 :: 		portd.b0=1 ;
0x023B	0x1408      	BSF        PORTD, 0
;EmpededProject.c,120 :: 		portd.b1=0;
0x023C	0x1088      	BCF        PORTD, 1
;EmpededProject.c,121 :: 		portd.B2=0;
0x023D	0x1108      	BCF        PORTD, 2
;EmpededProject.c,122 :: 		portd.b5=1;
0x023E	0x1688      	BSF        PORTD, 5
;EmpededProject.c,123 :: 		portd.B3=0;
0x023F	0x1188      	BCF        PORTD, 3
;EmpededProject.c,124 :: 		}
L_main42:
;EmpededProject.c,125 :: 		if(manual==2){
0x0240	0x0820      	MOVF       _manual, 0
0x0241	0x3A02      	XORLW      2
0x0242	0x1D03      	BTFSS      STATUS, 2
0x0243	0x2A68      	GOTO       L_main44
;EmpededProject.c,126 :: 		if(portc.b3==0)
0x0244	0x1987      	BTFSC      PORTC, 3
0x0245	0x2A47      	GOTO       L_main45
;EmpededProject.c,127 :: 		goto loop;
0x0246	0x28E6      	GOTO       ___main_loop
L_main45:
;EmpededProject.c,128 :: 		portd.b5=0;
0x0247	0x1288      	BCF        PORTD, 5
;EmpededProject.c,129 :: 		portd.b0=1;
0x0248	0x1408      	BSF        PORTD, 0
;EmpededProject.c,130 :: 		portd.b4=1;
0x0249	0x1608      	BSF        PORTD, 4
;EmpededProject.c,131 :: 		delay_ms(3000);
0x024A	0x301F      	MOVLW      31
0x024B	0x00FB      	MOVWF      R11
0x024C	0x3071      	MOVLW      113
0x024D	0x00FC      	MOVWF      R12
0x024E	0x301E      	MOVLW      30
0x024F	0x00FD      	MOVWF      R13
L_main46:
0x0250	0x0BFD      	DECFSZ     R13, 1
0x0251	0x2A50      	GOTO       L_main46
0x0252	0x0BFC      	DECFSZ     R12, 1
0x0253	0x2A50      	GOTO       L_main46
0x0254	0x0BFB      	DECFSZ     R11, 1
0x0255	0x2A50      	GOTO       L_main46
0x0256	0x0000      	NOP
;EmpededProject.c,132 :: 		portd.b0=0;
0x0257	0x1008      	BCF        PORTD, 0
;EmpededProject.c,133 :: 		portd.b4=0;
0x0258	0x1208      	BCF        PORTD, 4
;EmpededProject.c,134 :: 		portd.B2=1;
0x0259	0x1508      	BSF        PORTD, 2
;EmpededProject.c,135 :: 		portd.b3=1;
0x025A	0x1588      	BSF        PORTD, 3
;EmpededProject.c,136 :: 		delay_ms(2000);
0x025B	0x3015      	MOVLW      21
0x025C	0x00FB      	MOVWF      R11
0x025D	0x304B      	MOVLW      75
0x025E	0x00FC      	MOVWF      R12
0x025F	0x30BE      	MOVLW      190
0x0260	0x00FD      	MOVWF      R13
L_main47:
0x0261	0x0BFD      	DECFSZ     R13, 1
0x0262	0x2A61      	GOTO       L_main47
0x0263	0x0BFC      	DECFSZ     R12, 1
0x0264	0x2A61      	GOTO       L_main47
0x0265	0x0BFB      	DECFSZ     R11, 1
0x0266	0x2A61      	GOTO       L_main47
0x0267	0x0000      	NOP
;EmpededProject.c,137 :: 		}
L_main44:
;EmpededProject.c,138 :: 		if(manual==3)
0x0268	0x0820      	MOVF       _manual, 0
0x0269	0x3A03      	XORLW      3
0x026A	0x1D03      	BTFSS      STATUS, 2
0x026B	0x2A90      	GOTO       L_main48
;EmpededProject.c,140 :: 		if(portc.b3==0)
0x026C	0x1987      	BTFSC      PORTC, 3
0x026D	0x2A6F      	GOTO       L_main49
;EmpededProject.c,141 :: 		goto loop;
0x026E	0x28E6      	GOTO       ___main_loop
L_main49:
;EmpededProject.c,142 :: 		portd.B2=0;
0x026F	0x1108      	BCF        PORTD, 2
;EmpededProject.c,143 :: 		portd.b3=1;
0x0270	0x1588      	BSF        PORTD, 3
;EmpededProject.c,144 :: 		portd.b1=1;
0x0271	0x1488      	BSF        PORTD, 1
;EmpededProject.c,145 :: 		delay_ms(3000);
0x0272	0x301F      	MOVLW      31
0x0273	0x00FB      	MOVWF      R11
0x0274	0x3071      	MOVLW      113
0x0275	0x00FC      	MOVWF      R12
0x0276	0x301E      	MOVLW      30
0x0277	0x00FD      	MOVWF      R13
L_main50:
0x0278	0x0BFD      	DECFSZ     R13, 1
0x0279	0x2A78      	GOTO       L_main50
0x027A	0x0BFC      	DECFSZ     R12, 1
0x027B	0x2A78      	GOTO       L_main50
0x027C	0x0BFB      	DECFSZ     R11, 1
0x027D	0x2A78      	GOTO       L_main50
0x027E	0x0000      	NOP
;EmpededProject.c,146 :: 		portd.b3=0;
0x027F	0x1188      	BCF        PORTD, 3
;EmpededProject.c,147 :: 		portd.b1=0;
0x0280	0x1088      	BCF        PORTD, 1
;EmpededProject.c,148 :: 		portd.b0=1;
0x0281	0x1408      	BSF        PORTD, 0
;EmpededProject.c,149 :: 		portd.b5=1;
0x0282	0x1688      	BSF        PORTD, 5
;EmpededProject.c,150 :: 		delay_ms(2000);
0x0283	0x3015      	MOVLW      21
0x0284	0x00FB      	MOVWF      R11
0x0285	0x304B      	MOVLW      75
0x0286	0x00FC      	MOVWF      R12
0x0287	0x30BE      	MOVLW      190
0x0288	0x00FD      	MOVWF      R13
L_main51:
0x0289	0x0BFD      	DECFSZ     R13, 1
0x028A	0x2A89      	GOTO       L_main51
0x028B	0x0BFC      	DECFSZ     R12, 1
0x028C	0x2A89      	GOTO       L_main51
0x028D	0x0BFB      	DECFSZ     R11, 1
0x028E	0x2A89      	GOTO       L_main51
0x028F	0x0000      	NOP
;EmpededProject.c,151 :: 		}
L_main48:
;EmpededProject.c,153 :: 		if(manual==4)
0x0290	0x0820      	MOVF       _manual, 0
0x0291	0x3A04      	XORLW      4
0x0292	0x1D03      	BTFSS      STATUS, 2
0x0293	0x2A96      	GOTO       L_main52
;EmpededProject.c,154 :: 		manual=2;
0x0294	0x3002      	MOVLW      2
0x0295	0x00A0      	MOVWF      _manual
L_main52:
;EmpededProject.c,159 :: 		}
0x0296	0x2A33      	GOTO       L_main40
;EmpededProject.c,160 :: 		}
L_end_main:
0x0297	0x2A97      	GOTO       $+0
; end of _main
Symbol List:
//** Routines locations **
//ADDRESS    SIZE    PROCEDURE
//----------------------------------------------
0x0004      [18]    _interrupt
0x0016      [44]    _Div_16x16_S_L
0x0042       [7]    _____DoICP
0x0049      [12]    ___CC2DW
0x0055     [105]    _Div_16x16_S
0x00BE     [474]    _main
//** Variables locations ** 
//ADDRESS    SIZE    VARIABLE
//----------------------------------------------
0x0000       [1]    INDF
0x0002       [1]    PCL
0x0003       [1]    STATUS
0x0004       [1]    FSR
0x0005       [1]    PORTA
0x0006       [1]    PORTB
0x0007       [1]    PORTC
0x0008       [1]    PORTD
0x000A       [1]    PCLATH
0x000B       [0]    GIE_bit
0x000B       [0]    INTF_bit
0x000B       [0]    INTE_bit
0x0020       [1]    _manual
0x0021       [2]    _count3
0x0023       [2]    _count2
0x0025       [2]    _count1
0x0027       [2]    _k
0x0029       [2]    ___DoICPAddr
0x002B       [2]    _i
0x002D       [2]    _j
0x002F       [2]    _right
0x0031       [2]    _left
0x0033       [1]    ___saveSTATUS
0x0034       [1]    ___savePCLATH
0x0035       [1]    main_s_L0
0x0036       [2]    FLOC__main
0x0070       [1]    R0
0x0071       [1]    R1
0x0072       [1]    R2
0x0073       [1]    R3
0x0074       [1]    R4
0x0075       [1]    R5
0x0076       [1]    R6
0x0077       [1]    R7
0x0078       [1]    R8
0x0079       [1]    R9
0x007A       [1]    R10
0x007B       [1]    R11
0x007C       [1]    R12
0x007D       [1]    R13
0x007E       [1]    R14
0x007F       [1]    R15
0x0081       [0]    INTEDG_bit
0x0085       [1]    TRISA
0x0086       [1]    TRISB
0x0087       [1]    TRISC
0x0088       [1]    TRISD
//** Label List: ** 
//----------------------------------------------
  L_interrupt0
  L_main1
  L_main2
  L_main3
  L_main4
  L_main5
  L_main6
  L_main7
  ___main_loop
  L_main8
  L_main9
  L_main10
  L_main11
  L_main12
  L_main13
  L_main14
  L_main15
  L_main16
  L_main17
  L_main18
  L_main19
  L_main20
  L_main21
  L_main22
  L_main23
  L_main24
  L_main25
  L_main26
  L_main27
  L_main28
  L_main29
  L_main30
  L_main31
  L_main32
  L_main33
  L_main34
  L_main35
  L_main36
  L_main37
  L_main38
  L_main39
  L_main40
  L_main41
  L_main42
  L_main43
  L_main44
  L_main45
  L_main46
  L_main47
  L_main48
  L_main49
  L_main50
  L_main51
  L_main52
  L__main53
  L_end_interrupt
  _interrupt
  L__interrupt55
  L_end_main
  _main
  L__main57
  L__main58
  L__main59
  L__main60
  L_Div_16x16_S0
  L_Div_16x16_S1
  LOOPS3232A
  SADD22LA
  SOK22LA
  SADD22L8
  SOK22L8
  LOOPS3232B
  SADD22LB
  SOK22LB
  SADD22L16
  SOK22L16
  LOOPS3232C
  SADD22LC
  SOK22LC
  SADD22L24
  SOK22L24
  LOOPS3232D
  SADD22LD
  SOK22LD
  SOK22L
  L_Div_32x32_S6
  L_Div_32x32_S7
  L_Div_32x32_S8
  L_Div_32x32_S9
  FXD3232S
  END_ALL
  CA3232S
  C3232SX
  C3232SX1
  C3232S
  C3232S2
  C3232SX4
  C3232SOK
  C3232SX3
  C3232SX2
  avoid_comfrem
  LOOPU3232A
  UADD22LA
  UOK22LA
  UADD22L8
  UOK22L8
  LOOPU3232B
  UADD22LB
  UOK22LB
  UADD22L16
  UOK22L16
  LOOPU3232C
  UADD22LC
  UOK22LC
  UADD22L24
  UOK22L24
  LOOPU3232D
  UADD22LD
  UOK22LD
  UOK22L
  _NEXT
  _EXIT2
  _LOOP
  _EXIT1
  _IF_FIRST
  _IF_SECOND
  _INVERCE_FIRST
  _MULT
  _INBERSE_SECOND
  _EXIT
  L_end_Mul_8X8_U
  _Mul_8X8_U
  L_end_Mul_16X16_U
  _Mul_16X16_U
  L_end_Div_8X8_U
  _Div_8X8_U
  L_end_Div_16X16_U
  _Div_16X16_U
  L_end_Mul_8X8_S
  _Mul_8X8_S
  L_end_Mul_16X16_S
  _Mul_16X16_S
  L_end_Div_16x16_S_L
  _Div_16x16_S_L
  L_end_Div_16x16_S
  _Div_16x16_S
  L_end_Div_8X8_S
  _Div_8X8_S
  L_end_SDIV3232L
  _SDIV3232L
  L_end_COMFREM
  _COMFREM
  L_end_Div_32x32_S
  _Div_32x32_S
  L_end_Div_32x32_U
  _Div_32x32_U
  L_end_Mul_32x32_U
  _Mul_32x32_U
  L_end_Mul_32x32_S
  _Mul_32x32_S
  L_loopCA2AWs
  L_CA2AWend
  _CCA2AW_Loop1
  L_loopCS2Ss
  L_CS2Send
  _CCS2S_Loop1
  L_CCS2Send
  L_loopFZinSWs
  L_FZinSend
  _CC2D_Loop1
  L_end_____DoICP
  _____DoICP
  L_end_____DoIFC
  _____DoIFC
  L_end___CA2AW
  ___CA2AW
  L_end___CCA2AW
  ___CCA2AW
  L_end___CS2S
  ___CS2S
  L_end___CCS2S
  ___CCS2S
  L_end___FZinS
  ___FZinS
  L_end___CC2DW
  ___CC2DW
  L_end_Swap
  _Swap
  L_interrupt0
  L_main1
  L_main2
  L_main3
  L_main4
  L_main5
  L_main6
  L_main7
  ___main_loop
  L_main8
  L_main9
  L_main10
  L_main11
  L_main12
  L_main13
  L_main14
  L_main15
  L_main16
  L_main17
  L_main18
  L_main19
  L_main20
  L_main21
  L_main22
  L_main23
  L_main24
  L_main25
  L_main26
  L_main27
  L_main28
  L_main29
  L_main30
  L_main31
  L_main32
  L_main33
  L_main34
  L_main35
  L_main36
  L_main37
  L_main38
  L_main39
  L_main40
  L_main41
  L_main42
  L_main43
  L_main44
  L_main45
  L_main46
  L_main47
  L_main48
  L_main49
  L_main50
  L_main51
  L_main52
  L__main53
  L_end_interrupt
  _interrupt
  L__interrupt55
  L_end_main
  _main
  L__main57
  L__main58
  L__main59
  L__main60
